<?xml version="1.0" encoding="UTF-8"?>
<robot generator="Robot 4.1.3 (Python 3.10.1 on win32)" generated="20211216 15:51:19.837" rpa="false" schemaversion="2">
<suite id="s1" name="CreateCharacters" source="C:\Users\Raphael\Documents\Automacao Estudos\Testando Marvel API em Robot Framework\CreateCharacters.robot">
<test id="s1-t1" name="Deve cadastrar um personagem">
<kw name="Account And Set Headers">
<arg>raphael@teste.com</arg>
<kw name="Create Dictionary" library="BuiltIn">
<var>&amp;{usuario}</var>
<arg>email=${email}</arg>
<doc>Creates and returns a dictionary based on the given ``items``.</doc>
<msg timestamp="20211216 15:51:20.277" level="INFO">&amp;{usuario} = { email=raphael@teste.com }</msg>
<status status="PASS" starttime="20211216 15:51:20.276" endtime="20211216 15:51:20.277"/>
</kw>
<kw name="POST" library="RequestsLibrary">
<var>${response}</var>
<arg>http://marvel.qaninja.academy/accounts</arg>
<arg>json=${usuario}</arg>
<doc>Sends a POST request.</doc>
<msg timestamp="20211216 15:51:20.575" level="INFO">POST Request : url=http://marvel.qaninja.academy/accounts 
 path_url=/accounts 
 headers={'User-Agent': 'python-requests/2.26.0', 'Accept-Encoding': 'gzip, deflate', 'Accept': '*/*', 'Connection': 'keep-alive', 'Content-Length': '30', 'Content-Type': 'application/json'} 
 body=b'{"email": "raphael@teste.com"}' 
 </msg>
<msg timestamp="20211216 15:51:20.575" level="INFO">POST Response : url=http://marvel.qaninja.academy/accounts 
 status=200, reason=OK 
 headers={'Server': 'Cowboy', 'Connection': 'keep-alive', 'X-Powered-By': 'Express', 'Access-Control-Allow-Origin': '*', 'Content-Type': 'application/json; charset=utf-8', 'Content-Length': '41', 'Etag': 'W/"29-vtL6wx3SPZammJiegma+YJHtY5E"', 'Date': 'Thu, 16 Dec 2021 18:51:21 GMT', 'Via': '1.1 vegur'} 
 body={"client_key":"61bb8aa9d3b7960016c95cc6"} 
 </msg>
<msg timestamp="20211216 15:51:20.575" level="INFO">${response} = &lt;Response [200]&gt;</msg>
<status status="PASS" starttime="20211216 15:51:20.277" endtime="20211216 15:51:20.575"/>
</kw>
<kw name="Set Variable" library="BuiltIn">
<var>${client_key}</var>
<arg>${response.json()}[client_key]</arg>
<doc>Returns the given values which can then be assigned to a variables.</doc>
<msg timestamp="20211216 15:51:20.576" level="INFO">${client_key} = 61bb8aa9d3b7960016c95cc6</msg>
<status status="PASS" starttime="20211216 15:51:20.575" endtime="20211216 15:51:20.576"/>
</kw>
<kw name="Create Dictionary" library="BuiltIn">
<var>${HEADERS}</var>
<arg>client_key=${client_key}</arg>
<doc>Creates and returns a dictionary based on the given ``items``.</doc>
<msg timestamp="20211216 15:51:20.576" level="INFO">${HEADERS} = {'client_key': '61bb8aa9d3b7960016c95cc6'}</msg>
<status status="PASS" starttime="20211216 15:51:20.576" endtime="20211216 15:51:20.576"/>
</kw>
<kw name="Set Suite Variable" library="BuiltIn">
<arg>${HEADERS}</arg>
<doc>Makes a variable available everywhere within the scope of the current suite.</doc>
<msg timestamp="20211216 15:51:20.577" level="INFO">${HEADERS} = {'client_key': '61bb8aa9d3b7960016c95cc6'}</msg>
<status status="PASS" starttime="20211216 15:51:20.576" endtime="20211216 15:51:20.577"/>
</kw>
<status status="PASS" starttime="20211216 15:51:20.276" endtime="20211216 15:51:20.577"/>
</kw>
<kw name="Factory Thanos" library="Thanos">
<var>&amp;{personagem}</var>
<msg timestamp="20211216 15:51:20.577" level="INFO">&amp;{personagem} = { name=Stephanie Powers | aliases=Thanos | age=3000 | team=Ordem Negra | active=False }</msg>
<status status="PASS" starttime="20211216 15:51:20.577" endtime="20211216 15:51:20.577"/>
</kw>
<kw name="POST" library="RequestsLibrary">
<var>${response}</var>
<arg>http://marvel.qaninja.academy/characters</arg>
<arg>json=${personagem}</arg>
<arg>headers=${headers}</arg>
<doc>Sends a POST request.</doc>
<msg timestamp="20211216 15:51:20.830" level="INFO">POST Request : url=http://marvel.qaninja.academy/characters 
 path_url=/characters 
 headers={'User-Agent': 'python-requests/2.26.0', 'Accept-Encoding': 'gzip, deflate', 'Accept': '*/*', 'Connection': 'keep-alive', 'client_key': '61bb8aa9d3b7960016c95cc6', 'Content-Length': '102', 'Content-Type': 'application/json'} 
 body=b'{"name": "Stephanie Powers", "aliases": "Thanos", "age": 3000, "team": "Ordem Negra", "active": false}' 
 </msg>
<msg timestamp="20211216 15:51:20.830" level="INFO">POST Response : url=http://marvel.qaninja.academy/characters 
 status=200, reason=OK 
 headers={'Server': 'Cowboy', 'Connection': 'keep-alive', 'X-Powered-By': 'Express', 'Access-Control-Allow-Origin': '*', 'Content-Type': 'application/json; charset=utf-8', 'Content-Length': '161', 'Etag': 'W/"a1-VQUTiPh1RaLy4Ot7gcYnnMy0Qpc"', 'Date': 'Thu, 16 Dec 2021 18:51:21 GMT', 'Via': '1.1 vegur'} 
 body={"_id":"61bb8aa9d3b7960016c95cca","name":"Stephanie Powers","age":3000,"aliases":"Thanos","team":"Ordem Negra","active":false,"owner":"61bb8aa9d3b7960016c95cc6"} 
 </msg>
<msg timestamp="20211216 15:51:20.830" level="INFO">${response} = &lt;Response [200]&gt;</msg>
<status status="PASS" starttime="20211216 15:51:20.577" endtime="20211216 15:51:20.830"/>
</kw>
<kw name="Status Should Be" library="RequestsLibrary">
<arg>200</arg>
<arg>${response}</arg>
<doc>Fails if response status code is different than the expected.</doc>
<status status="PASS" starttime="20211216 15:51:20.830" endtime="20211216 15:51:20.831"/>
</kw>
<status status="PASS" starttime="20211216 15:51:20.276" endtime="20211216 15:51:20.831"/>
</test>
<doc>Suite de Teste do cadastro de personagens na API da Marvel</doc>
<status status="PASS" starttime="20211216 15:51:19.839" endtime="20211216 15:51:20.832"/>
</suite>
<statistics>
<total>
<stat pass="1" fail="0" skip="0">All Tests</stat>
</total>
<tag>
</tag>
<suite>
<stat pass="1" fail="0" skip="0" id="s1" name="CreateCharacters">CreateCharacters</stat>
</suite>
</statistics>
<errors>
</errors>
</robot>
