<?xml version="1.0" encoding="UTF-8"?>
<robot generator="Robot 4.1.3 (Python 3.10.1 on win32)" generated="20211222 10:31:53.863" rpa="false" schemaversion="2">
<suite id="s1" name="CreateCharacters" source="C:\Users\Raphael\Documents\Automacao Estudos\Testando Marvel API em Robot Framework\specs\CreateCharacters.robot">
<test id="s1-t1" name="Deve cadastrar um personagem">
<kw name="Set Client Key" library="Base">
<arg>raphael@teste.com</arg>
<kw name="Create Dictionary" library="BuiltIn">
<var>&amp;{usuario}</var>
<arg>email=${email}</arg>
<doc>Creates and returns a dictionary based on the given ``items``.</doc>
<msg timestamp="20211222 10:31:54.358" level="INFO">&amp;{usuario} = { email=raphael@teste.com }</msg>
<status status="PASS" starttime="20211222 10:31:54.357" endtime="20211222 10:31:54.358"/>
</kw>
<kw name="POST" library="RequestsLibrary">
<var>${response}</var>
<arg>${API_URL}/accounts</arg>
<arg>json=${usuario}</arg>
<doc>Sends a POST request.</doc>
<msg timestamp="20211222 10:31:54.628" level="INFO">POST Request : url=http://marvel.qaninja.academy/accounts 
 path_url=/accounts 
 headers={'User-Agent': 'python-requests/2.26.0', 'Accept-Encoding': 'gzip, deflate', 'Accept': '*/*', 'Connection': 'keep-alive', 'Content-Length': '30', 'Content-Type': 'application/json'} 
 body=b'{"email": "raphael@teste.com"}' 
 </msg>
<msg timestamp="20211222 10:31:54.629" level="INFO">POST Response : url=http://marvel.qaninja.academy/accounts 
 status=200, reason=OK 
 headers={'Server': 'Cowboy', 'Connection': 'keep-alive', 'X-Powered-By': 'Express', 'Access-Control-Allow-Origin': '*', 'Content-Type': 'application/json; charset=utf-8', 'Content-Length': '41', 'Etag': 'W/"29-vtL6wx3SPZammJiegma+YJHtY5E"', 'Date': 'Wed, 22 Dec 2021 13:31:55 GMT', 'Via': '1.1 vegur'} 
 body={"client_key":"61bb8aa9d3b7960016c95cc6"} 
 </msg>
<msg timestamp="20211222 10:31:54.629" level="INFO">${response} = &lt;Response [200]&gt;</msg>
<status status="PASS" starttime="20211222 10:31:54.358" endtime="20211222 10:31:54.629"/>
</kw>
<kw name="Set Variable" library="BuiltIn">
<var>${client_key}</var>
<arg>${response.json()}[client_key]</arg>
<doc>Returns the given values which can then be assigned to a variables.</doc>
<msg timestamp="20211222 10:31:54.630" level="INFO">${client_key} = 61bb8aa9d3b7960016c95cc6</msg>
<status status="PASS" starttime="20211222 10:31:54.629" endtime="20211222 10:31:54.630"/>
</kw>
<kw name="Create Dictionary" library="BuiltIn">
<var>${HEADERS}</var>
<arg>client_key=${client_key}</arg>
<doc>Creates and returns a dictionary based on the given ``items``.</doc>
<msg timestamp="20211222 10:31:54.631" level="INFO">${HEADERS} = {'client_key': '61bb8aa9d3b7960016c95cc6'}</msg>
<status status="PASS" starttime="20211222 10:31:54.630" endtime="20211222 10:31:54.631"/>
</kw>
<kw name="Set Suite Variable" library="BuiltIn">
<arg>${HEADERS}</arg>
<doc>Makes a variable available everywhere within the scope of the current suite.</doc>
<msg timestamp="20211222 10:31:54.631" level="INFO">${HEADERS} = {'client_key': '61bb8aa9d3b7960016c95cc6'}</msg>
<status status="PASS" starttime="20211222 10:31:54.631" endtime="20211222 10:31:54.631"/>
</kw>
<status status="PASS" starttime="20211222 10:31:54.357" endtime="20211222 10:31:54.631"/>
</kw>
<kw name="Factory Thanos" library="Thanos">
<var>${personagem}</var>
<msg timestamp="20211222 10:31:54.632" level="INFO">${personagem} = {'name': 'Patricia Webb', 'aliases': 'Thanos', 'age': 3000, 'team': 'Ordem Negra', 'active': False}</msg>
<status status="PASS" starttime="20211222 10:31:54.631" endtime="20211222 10:31:54.632"/>
</kw>
<kw name="POST New Character" library="Characters">
<var>${response}</var>
<arg>${personagem}</arg>
<kw name="POST" library="RequestsLibrary">
<var>${response}</var>
<arg>${API_URL}/characters</arg>
<arg>json=${payload}</arg>
<arg>headers=${HEADERS}</arg>
<arg>expected_status=any</arg>
<doc>Sends a POST request.</doc>
<msg timestamp="20211222 10:31:54.910" level="INFO">POST Request : url=http://marvel.qaninja.academy/characters 
 path_url=/characters 
 headers={'User-Agent': 'python-requests/2.26.0', 'Accept-Encoding': 'gzip, deflate', 'Accept': '*/*', 'Connection': 'keep-alive', 'client_key': '61bb8aa9d3b7960016c95cc6', 'Content-Length': '99', 'Content-Type': 'application/json'} 
 body=b'{"name": "Patricia Webb", "aliases": "Thanos", "age": 3000, "team": "Ordem Negra", "active": false}' 
 </msg>
<msg timestamp="20211222 10:31:54.910" level="INFO">POST Response : url=http://marvel.qaninja.academy/characters 
 status=200, reason=OK 
 headers={'Server': 'Cowboy', 'Connection': 'keep-alive', 'X-Powered-By': 'Express', 'Access-Control-Allow-Origin': '*', 'Content-Type': 'application/json; charset=utf-8', 'Content-Length': '158', 'Etag': 'W/"9e-R8qy7dFR3Zbr6rcvgFHIwn9+sKY"', 'Date': 'Wed, 22 Dec 2021 13:31:55 GMT', 'Via': '1.1 vegur'} 
 body={"_id":"61c328cb0225f500165d620b","name":"Patricia Webb","age":3000,"aliases":"Thanos","team":"Ordem Negra","active":false,"owner":"61bb8aa9d3b7960016c95cc6"} 
 </msg>
<msg timestamp="20211222 10:31:54.910" level="INFO">${response} = &lt;Response [200]&gt;</msg>
<status status="PASS" starttime="20211222 10:31:54.632" endtime="20211222 10:31:54.910"/>
</kw>
<msg timestamp="20211222 10:31:54.911" level="INFO">${response} = &lt;Response [200]&gt;</msg>
<status status="PASS" starttime="20211222 10:31:54.632" endtime="20211222 10:31:54.911"/>
</kw>
<kw name="Status Should Be" library="RequestsLibrary">
<arg>200</arg>
<arg>${response}</arg>
<doc>Fails if response status code is different than the expected.</doc>
<status status="PASS" starttime="20211222 10:31:54.911" endtime="20211222 10:31:54.911"/>
</kw>
<status status="PASS" starttime="20211222 10:31:54.356" endtime="20211222 10:31:54.912"/>
</test>
<test id="s1-t2" name="Não deve cadastrar com o mesmo nome">
<kw name="Factory Thanos" library="Thanos">
<var>${personagem}</var>
<msg timestamp="20211222 10:31:54.913" level="INFO">${personagem} = {'name': 'Diane Taylor', 'aliases': 'Thanos', 'age': 3000, 'team': 'Ordem Negra', 'active': False}</msg>
<status status="PASS" starttime="20211222 10:31:54.913" endtime="20211222 10:31:54.914"/>
</kw>
<kw name="POST New Character" library="Characters">
<arg>${personagem}</arg>
<kw name="POST" library="RequestsLibrary">
<var>${response}</var>
<arg>${API_URL}/characters</arg>
<arg>json=${payload}</arg>
<arg>headers=${HEADERS}</arg>
<arg>expected_status=any</arg>
<doc>Sends a POST request.</doc>
<msg timestamp="20211222 10:31:55.195" level="INFO">POST Request : url=http://marvel.qaninja.academy/characters 
 path_url=/characters 
 headers={'User-Agent': 'python-requests/2.26.0', 'Accept-Encoding': 'gzip, deflate', 'Accept': '*/*', 'Connection': 'keep-alive', 'client_key': '61bb8aa9d3b7960016c95cc6', 'Content-Length': '98', 'Content-Type': 'application/json'} 
 body=b'{"name": "Diane Taylor", "aliases": "Thanos", "age": 3000, "team": "Ordem Negra", "active": false}' 
 </msg>
<msg timestamp="20211222 10:31:55.195" level="INFO">POST Response : url=http://marvel.qaninja.academy/characters 
 status=200, reason=OK 
 headers={'Server': 'Cowboy', 'Connection': 'keep-alive', 'X-Powered-By': 'Express', 'Access-Control-Allow-Origin': '*', 'Content-Type': 'application/json; charset=utf-8', 'Content-Length': '157', 'Etag': 'W/"9d-oIof2e6wunD3JjAbuVWyBQ8kb74"', 'Date': 'Wed, 22 Dec 2021 13:31:56 GMT', 'Via': '1.1 vegur'} 
 body={"_id":"61c328cc0225f500165d620f","name":"Diane Taylor","age":3000,"aliases":"Thanos","team":"Ordem Negra","active":false,"owner":"61bb8aa9d3b7960016c95cc6"} 
 </msg>
<msg timestamp="20211222 10:31:55.195" level="INFO">${response} = &lt;Response [200]&gt;</msg>
<status status="PASS" starttime="20211222 10:31:54.914" endtime="20211222 10:31:55.195"/>
</kw>
<status status="PASS" starttime="20211222 10:31:54.914" endtime="20211222 10:31:55.195"/>
</kw>
<kw name="POST New Character" library="Characters">
<var>${response}</var>
<arg>${personagem}</arg>
<kw name="POST" library="RequestsLibrary">
<var>${response}</var>
<arg>${API_URL}/characters</arg>
<arg>json=${payload}</arg>
<arg>headers=${HEADERS}</arg>
<arg>expected_status=any</arg>
<doc>Sends a POST request.</doc>
<msg timestamp="20211222 10:31:55.456" level="INFO">POST Request : url=http://marvel.qaninja.academy/characters 
 path_url=/characters 
 headers={'User-Agent': 'python-requests/2.26.0', 'Accept-Encoding': 'gzip, deflate', 'Accept': '*/*', 'Connection': 'keep-alive', 'client_key': '61bb8aa9d3b7960016c95cc6', 'Content-Length': '98', 'Content-Type': 'application/json'} 
 body=b'{"name": "Diane Taylor", "aliases": "Thanos", "age": 3000, "team": "Ordem Negra", "active": false}' 
 </msg>
<msg timestamp="20211222 10:31:55.456" level="INFO">POST Response : url=http://marvel.qaninja.academy/characters 
 status=409, reason=Conflict 
 headers={'Server': 'Cowboy', 'Connection': 'keep-alive', 'X-Powered-By': 'Express', 'Access-Control-Allow-Origin': '*', 'Content-Type': 'application/json; charset=utf-8', 'Content-Length': '39', 'Etag': 'W/"27-u8CjYCAAYHK/l+EQR0JyKi0LQGU"', 'Date': 'Wed, 22 Dec 2021 13:31:56 GMT', 'Via': '1.1 vegur'} 
 body={"error":"Character already exists :("} 
 </msg>
<msg timestamp="20211222 10:31:55.456" level="INFO">${response} = &lt;Response [409]&gt;</msg>
<status status="PASS" starttime="20211222 10:31:55.196" endtime="20211222 10:31:55.456"/>
</kw>
<msg timestamp="20211222 10:31:55.456" level="INFO">${response} = &lt;Response [409]&gt;</msg>
<status status="PASS" starttime="20211222 10:31:55.195" endtime="20211222 10:31:55.456"/>
</kw>
<kw name="Status Should Be" library="RequestsLibrary">
<arg>409</arg>
<arg>${response}</arg>
<doc>Fails if response status code is different than the expected.</doc>
<status status="PASS" starttime="20211222 10:31:55.457" endtime="20211222 10:31:55.457"/>
</kw>
<kw name="Should Be Equal" library="BuiltIn">
<arg>${response.json()}[error]</arg>
<arg>Character already exists :(</arg>
<doc>Fails if the given objects are unequal.</doc>
<status status="PASS" starttime="20211222 10:31:55.457" endtime="20211222 10:31:55.458"/>
</kw>
<status status="PASS" starttime="20211222 10:31:54.912" endtime="20211222 10:31:55.458"/>
</test>
<doc>Suite de Teste do cadastro de personagens na API da Marvel</doc>
<status status="PASS" starttime="20211222 10:31:53.865" endtime="20211222 10:31:55.458"/>
</suite>
<statistics>
<total>
<stat pass="2" fail="0" skip="0">All Tests</stat>
</total>
<tag>
</tag>
<suite>
<stat pass="2" fail="0" skip="0" id="s1" name="CreateCharacters">CreateCharacters</stat>
</suite>
</statistics>
<errors>
</errors>
</robot>
